<?xml version="1.0" encoding="UTF-8"?>
<!-- Generated by org.testng.reporters.JUnitXMLReporter -->
<testsuite hostname="DESKTOP-3MLRAML" ignored="0" name="Surefire test" tests="2" failures="0" timestamp="2021-09-27T19:35:35 EDT" time="8.343" errors="0">
  <testcase name="runScenario" time="6.118" classname="io.cucumber.testng.AbstractTestNGCucumberTests"/>
  <testcase name="runScenario" time="1.382" classname="io.cucumber.testng.AbstractTestNGCucumberTests"/>
</testsuite> <!-- Surefire test -->
