<?xml version="1.0" encoding="UTF-8"?>
<testsuite xmlns:xsi="http://www.w3.org/2001/XMLSchema-instance" xsi:noNamespaceSchemaLocation="https://maven.apache.org/surefire/maven-surefire-plugin/xsd/surefire-test-report-3.0.xsd" version="3.0" name="TestSuite" time="9.546" tests="2" errors="0" skipped="0" failures="0">
  <properties>
[...]
</properties>
  <testcase name="runScenario[&quot;Verify Place is being successfully added using AddPlaceApi&quot;, &quot;Optional[Validation Place API]&quot;](1)" classname="TestRunner" time="6.125">
    <system-out><![CDATA[C:\Users\ala12\AutomationFramework\APIFramework
]]></system-out>
  </testcase>
  <testcase name="runScenario[&quot;Verify Place is being successfully added using AddPlaceApi&quot;, &quot;Optional[Validation Place API]&quot;](2)" classname="TestRunner" time="1.375"/>
</testsuite>