<?xml version="1.0" encoding="UTF-8"?>
<testng-results skipped="0" failed="0" ignored="0" total="1" passed="1">
  <reporter-output>
  </reporter-output>
  <suite name="Surefire suite" duration-ms="7361" started-at="2021-09-25T10:36:01 EDT" finished-at="2021-09-25T10:36:09 EDT">
    <groups>
      <group name="cucumber">
        <method signature="AbstractTestNGCucumberTests.runScenario(io.cucumber.testng.PickleWrapper, io.cucumber.testng.FeatureWrapper)[pri:0, instance:TestRunner@7fac631b]" name="runScenario" class="io.cucumber.testng.AbstractTestNGCucumberTests"/>
      </group> <!-- cucumber -->
    </groups>
    <test name="Surefire test" duration-ms="7361" started-at="2021-09-25T10:36:01 EDT" finished-at="2021-09-25T10:36:09 EDT">
      <class name="TestRunner">
        <test-method status="PASS" signature="setUpClass()[pri:0, instance:TestRunner@7fac631b]" name="setUpClass" is-config="true" duration-ms="578" started-at="2021-09-25T10:36:01 EDT" finished-at="2021-09-25T10:36:02 EDT">
          <reporter-output>
          </reporter-output>
        </test-method> <!-- setUpClass -->
        <test-method status="PASS" signature="runScenario(io.cucumber.testng.PickleWrapper, io.cucumber.testng.FeatureWrapper)[pri:0, instance:TestRunner@7fac631b]" name="runScenario" duration-ms="6578" started-at="2021-09-25T10:36:02 EDT" description="Runs Cucumber Scenarios" data-provider="scenarios" finished-at="2021-09-25T10:36:08 EDT">
          <params>
            <param index="0">
              <value>
                <![CDATA["Verify Place is being successfully added using AddPlaceApi"]]>
              </value>
            </param>
            <param index="1">
              <value>
                <![CDATA["Optional[Validation Place API]"]]>
              </value>
            </param>
          </params>
          <reporter-output>
          </reporter-output>
        </test-method> <!-- runScenario -->
        <test-method status="PASS" signature="tearDownClass()[pri:0, instance:TestRunner@7fac631b]" name="tearDownClass" is-config="true" duration-ms="151" started-at="2021-09-25T10:36:08 EDT" finished-at="2021-09-25T10:36:09 EDT">
          <reporter-output>
          </reporter-output>
        </test-method> <!-- tearDownClass -->
      </class> <!-- TestRunner -->
    </test> <!-- Surefire test -->
  </suite> <!-- Surefire suite -->
</testng-results>
